<?xml version="1.0" encoding="UTF-8"?>
<!-- Generated by org.testng.reporters.JUnitReportReporter -->
<testsuite hostname="DESKTOP-NCPGDBO" failures="0" tests="1" name="testCases.TC001_AccountRegistrationTest" time="6.469" errors="0" timestamp="2024-09-04T11:19:30 IST" skipped="0">
  <testcase classname="testCases.TC001_AccountRegistrationTest" name="verify_account_registratio" time="6.469"/>
</testsuite> <!-- testCases.TC001_AccountRegistrationTest -->
