<?xml version="1.0" encoding="UTF-8"?>
<!-- Generated by org.testng.reporters.JUnitReportReporter -->
<testsuite hostname="DESKTOP-NCPGDBO" failures="0" tests="1" name="testCases.TC002_LoginTest" time="3.339" errors="0" timestamp="2024-09-04T11:19:30 IST" skipped="0">
  <testcase classname="testCases.TC002_LoginTest" name="verifyLogin" time="3.339"/>
</testsuite> <!-- testCases.TC002_LoginTest -->
