<?xml version="1.0" encoding="UTF-8"?>
<!-- Generated by org.testng.reporters.JUnitReportReporter -->
<testsuite hostname="DESKTOP-NCPGDBO" failures="0" tests="1" name="testCases.TC001_AccountRegistrationTest" time="4.106" errors="0" timestamp="2024-09-04T11:38:19 IST" skipped="0">
  <testcase classname="testCases.TC001_AccountRegistrationTest" name="verify_account_registratio" time="4.106"/>
</testsuite> <!-- testCases.TC001_AccountRegistrationTest -->
