<?xml version="1.0" encoding="UTF-8"?>
<!-- Generated by org.testng.reporters.JUnitReportReporter -->
<testsuite hostname="DESKTOP-NCPGDBO" failures="0" tests="1" name="testCases.TC002_LoginTest" time="2.859" errors="0" timestamp="2024-09-04T11:38:19 IST" skipped="0">
  <testcase classname="testCases.TC002_LoginTest" name="verifyLogin" time="2.859"/>
</testsuite> <!-- testCases.TC002_LoginTest -->
